

============================== 2022-10-20 05:41:36.889517 | b44a7db2-1f55-4739-b2de-2e8752470939 ==============================
[0m05:41:36.889527 [info ] [MainThread]: Running with dbt=1.3.0
[0m05:41:36.889865 [debug] [MainThread]: running dbt with arguments {'write_json': True, 'use_colors': True, 'printer_width': 80, 'version_check': True, 'partial_parse': True, 'static_parser': True, 'profiles_dir': '/Users/paws/.dbt', 'send_anonymous_usage_stats': True, 'event_buffer_size': 100000, 'quiet': False, 'no_print': False, 'config_dir': False, 'which': 'debug', 'indirect_selection': 'eager'}
[0m05:41:36.890008 [debug] [MainThread]: Tracking: tracking
[0m05:41:36.903691 [debug] [MainThread]: Sending event: {'category': 'dbt', 'action': 'invocation', 'label': 'start', 'context': [<snowplow_tracker.self_describing_json.SelfDescribingJson object at 0x10df0b5b0>, <snowplow_tracker.self_describing_json.SelfDescribingJson object at 0x10df1d730>, <snowplow_tracker.self_describing_json.SelfDescribingJson object at 0x10df1d8e0>]}
[0m05:41:37.420265 [debug] [MainThread]: Executing "git --help"
[0m05:41:37.431131 [debug] [MainThread]: STDOUT: "b"usage: git [-v | --version] [-h | --help] [-C <path>] [-c <name>=<value>]\n           [--exec-path[=<path>]] [--html-path] [--man-path] [--info-path]\n           [-p | --paginate | -P | --no-pager] [--no-replace-objects] [--bare]\n           [--git-dir=<path>] [--work-tree=<path>] [--namespace=<name>]\n           [--super-prefix=<path>] [--config-env=<name>=<envvar>]\n           <command> [<args>]\n\nThese are common Git commands used in various situations:\n\nstart a working area (see also: git help tutorial)\n   clone     Clone a repository into a new directory\n   init      Create an empty Git repository or reinitialize an existing one\n\nwork on the current change (see also: git help everyday)\n   add       Add file contents to the index\n   mv        Move or rename a file, a directory, or a symlink\n   restore   Restore working tree files\n   rm        Remove files from the working tree and from the index\n\nexamine the history and state (see also: git help revisions)\n   bisect    Use binary search to find the commit that introduced a bug\n   diff      Show changes between commits, commit and working tree, etc\n   grep      Print lines matching a pattern\n   log       Show commit logs\n   show      Show various types of objects\n   status    Show the working tree status\n\ngrow, mark and tweak your common history\n   branch    List, create, or delete branches\n   commit    Record changes to the repository\n   merge     Join two or more development histories together\n   rebase    Reapply commits on top of another base tip\n   reset     Reset current HEAD to the specified state\n   switch    Switch branches\n   tag       Create, list, delete or verify a tag object signed with GPG\n\ncollaborate (see also: git help workflows)\n   fetch     Download objects and refs from another repository\n   pull      Fetch from and integrate with another repository or a local branch\n   push      Update remote refs along with associated objects\n\n'git help -a' and 'git help -g' list available subcommands and some\nconcept guides. See 'git help <command>' or 'git help <concept>'\nto read about a specific subcommand or concept.\nSee 'git help git' for an overview of the system.\n""
[0m05:41:37.432355 [debug] [MainThread]: STDERR: "b''"
[0m05:41:37.438518 [debug] [MainThread]: Acquiring new bigquery connection "debug"
[0m05:41:37.440313 [debug] [MainThread]: Opening a new connection, currently in state init
[0m05:41:37.443831 [debug] [MainThread]: On debug: select 1 as id
[0m05:41:37.845664 [error] [MainThread]: BigQuery adapter: https://console.cloud.google.com/bigquery?project=dbt-setup-tutorial&j=bq:US:be3c7c52-edf0-4933-a8ab-aae824264902&page=queryresults
[0m05:41:37.846686 [debug] [MainThread]: Sending event: {'category': 'dbt', 'action': 'invocation', 'label': 'end', 'context': [<snowplow_tracker.self_describing_json.SelfDescribingJson object at 0x10f37ba60>, <snowplow_tracker.self_describing_json.SelfDescribingJson object at 0x10fa674c0>, <snowplow_tracker.self_describing_json.SelfDescribingJson object at 0x10fa675e0>]}
[0m05:41:37.847107 [debug] [MainThread]: Flushing usage events
[0m05:41:37.918770 [debug] [MainThread]: Connection 'debug' was properly closed.


============================== 2022-10-20 05:42:10.615350 | 7e0d587c-76b8-42fa-9e58-1e2e4e3b2aa0 ==============================
[0m05:42:10.615365 [info ] [MainThread]: Running with dbt=1.3.0
[0m05:42:10.616330 [debug] [MainThread]: running dbt with arguments {'write_json': True, 'use_colors': True, 'printer_width': 80, 'version_check': True, 'partial_parse': True, 'static_parser': True, 'profiles_dir': '/Users/paws/.dbt', 'send_anonymous_usage_stats': True, 'event_buffer_size': 100000, 'quiet': False, 'no_print': False, 'config_dir': False, 'which': 'debug', 'indirect_selection': 'eager'}
[0m05:42:10.616556 [debug] [MainThread]: Tracking: tracking
[0m05:42:10.632351 [debug] [MainThread]: Sending event: {'category': 'dbt', 'action': 'invocation', 'label': 'start', 'context': [<snowplow_tracker.self_describing_json.SelfDescribingJson object at 0x108d660d0>, <snowplow_tracker.self_describing_json.SelfDescribingJson object at 0x108d59760>, <snowplow_tracker.self_describing_json.SelfDescribingJson object at 0x108d59730>]}
[0m05:42:11.442281 [debug] [MainThread]: Executing "git --help"
[0m05:42:11.465990 [debug] [MainThread]: STDOUT: "b"usage: git [-v | --version] [-h | --help] [-C <path>] [-c <name>=<value>]\n           [--exec-path[=<path>]] [--html-path] [--man-path] [--info-path]\n           [-p | --paginate | -P | --no-pager] [--no-replace-objects] [--bare]\n           [--git-dir=<path>] [--work-tree=<path>] [--namespace=<name>]\n           [--super-prefix=<path>] [--config-env=<name>=<envvar>]\n           <command> [<args>]\n\nThese are common Git commands used in various situations:\n\nstart a working area (see also: git help tutorial)\n   clone     Clone a repository into a new directory\n   init      Create an empty Git repository or reinitialize an existing one\n\nwork on the current change (see also: git help everyday)\n   add       Add file contents to the index\n   mv        Move or rename a file, a directory, or a symlink\n   restore   Restore working tree files\n   rm        Remove files from the working tree and from the index\n\nexamine the history and state (see also: git help revisions)\n   bisect    Use binary search to find the commit that introduced a bug\n   diff      Show changes between commits, commit and working tree, etc\n   grep      Print lines matching a pattern\n   log       Show commit logs\n   show      Show various types of objects\n   status    Show the working tree status\n\ngrow, mark and tweak your common history\n   branch    List, create, or delete branches\n   commit    Record changes to the repository\n   merge     Join two or more development histories together\n   rebase    Reapply commits on top of another base tip\n   reset     Reset current HEAD to the specified state\n   switch    Switch branches\n   tag       Create, list, delete or verify a tag object signed with GPG\n\ncollaborate (see also: git help workflows)\n   fetch     Download objects and refs from another repository\n   pull      Fetch from and integrate with another repository or a local branch\n   push      Update remote refs along with associated objects\n\n'git help -a' and 'git help -g' list available subcommands and some\nconcept guides. See 'git help <command>' or 'git help <concept>'\nto read about a specific subcommand or concept.\nSee 'git help git' for an overview of the system.\n""
[0m05:42:11.466949 [debug] [MainThread]: STDERR: "b''"
[0m05:42:11.474563 [debug] [MainThread]: Acquiring new bigquery connection "debug"
[0m05:42:11.475721 [debug] [MainThread]: Opening a new connection, currently in state init
[0m05:42:11.480366 [debug] [MainThread]: On debug: select 1 as id
[0m05:42:12.053933 [error] [MainThread]: BigQuery adapter: https://console.cloud.google.com/bigquery?project=dbt-setup-tutorial&j=bq:US:d2c7014c-f286-490c-9bad-e45612303548&page=queryresults
[0m05:42:12.055418 [debug] [MainThread]: Sending event: {'category': 'dbt', 'action': 'invocation', 'label': 'end', 'context': [<snowplow_tracker.self_describing_json.SelfDescribingJson object at 0x10a208ee0>, <snowplow_tracker.self_describing_json.SelfDescribingJson object at 0x10a8d3340>, <snowplow_tracker.self_describing_json.SelfDescribingJson object at 0x10a8d3310>]}
[0m05:42:12.056120 [debug] [MainThread]: Flushing usage events
[0m05:42:12.142329 [debug] [MainThread]: Connection 'debug' was properly closed.


============================== 2022-10-20 05:43:00.532508 | 2fbd1084-3c28-4be9-af9f-849afd1acd17 ==============================
[0m05:43:00.532528 [info ] [MainThread]: Running with dbt=1.3.0
[0m05:43:00.533529 [debug] [MainThread]: running dbt with arguments {'write_json': True, 'use_colors': True, 'printer_width': 80, 'version_check': True, 'partial_parse': True, 'static_parser': True, 'profiles_dir': '/Users/paws/.dbt', 'send_anonymous_usage_stats': True, 'event_buffer_size': 100000, 'quiet': False, 'no_print': False, 'config_dir': False, 'which': 'debug', 'indirect_selection': 'eager'}
[0m05:43:00.533823 [debug] [MainThread]: Tracking: tracking
[0m05:43:00.549514 [debug] [MainThread]: Sending event: {'category': 'dbt', 'action': 'invocation', 'label': 'start', 'context': [<snowplow_tracker.self_describing_json.SelfDescribingJson object at 0x110d6f5b0>, <snowplow_tracker.self_describing_json.SelfDescribingJson object at 0x110d81730>, <snowplow_tracker.self_describing_json.SelfDescribingJson object at 0x110d818e0>]}
[0m05:43:01.324394 [debug] [MainThread]: Executing "git --help"
[0m05:43:01.349645 [debug] [MainThread]: STDOUT: "b"usage: git [-v | --version] [-h | --help] [-C <path>] [-c <name>=<value>]\n           [--exec-path[=<path>]] [--html-path] [--man-path] [--info-path]\n           [-p | --paginate | -P | --no-pager] [--no-replace-objects] [--bare]\n           [--git-dir=<path>] [--work-tree=<path>] [--namespace=<name>]\n           [--super-prefix=<path>] [--config-env=<name>=<envvar>]\n           <command> [<args>]\n\nThese are common Git commands used in various situations:\n\nstart a working area (see also: git help tutorial)\n   clone     Clone a repository into a new directory\n   init      Create an empty Git repository or reinitialize an existing one\n\nwork on the current change (see also: git help everyday)\n   add       Add file contents to the index\n   mv        Move or rename a file, a directory, or a symlink\n   restore   Restore working tree files\n   rm        Remove files from the working tree and from the index\n\nexamine the history and state (see also: git help revisions)\n   bisect    Use binary search to find the commit that introduced a bug\n   diff      Show changes between commits, commit and working tree, etc\n   grep      Print lines matching a pattern\n   log       Show commit logs\n   show      Show various types of objects\n   status    Show the working tree status\n\ngrow, mark and tweak your common history\n   branch    List, create, or delete branches\n   commit    Record changes to the repository\n   merge     Join two or more development histories together\n   rebase    Reapply commits on top of another base tip\n   reset     Reset current HEAD to the specified state\n   switch    Switch branches\n   tag       Create, list, delete or verify a tag object signed with GPG\n\ncollaborate (see also: git help workflows)\n   fetch     Download objects and refs from another repository\n   pull      Fetch from and integrate with another repository or a local branch\n   push      Update remote refs along with associated objects\n\n'git help -a' and 'git help -g' list available subcommands and some\nconcept guides. See 'git help <command>' or 'git help <concept>'\nto read about a specific subcommand or concept.\nSee 'git help git' for an overview of the system.\n""
[0m05:43:01.350659 [debug] [MainThread]: STDERR: "b''"
[0m05:43:01.358255 [debug] [MainThread]: Acquiring new bigquery connection "debug"
[0m05:43:01.360513 [debug] [MainThread]: Opening a new connection, currently in state init
[0m05:43:01.365641 [debug] [MainThread]: On debug: select 1 as id
[0m05:43:01.743613 [error] [MainThread]: BigQuery adapter: https://console.cloud.google.com/bigquery?project=dbt-setup-tutorial&j=bq:US:46788e7b-0723-4046-9c48-8b1e22085b40&page=queryresults
[0m05:43:01.744876 [debug] [MainThread]: Sending event: {'category': 'dbt', 'action': 'invocation', 'label': 'end', 'context': [<snowplow_tracker.self_describing_json.SelfDescribingJson object at 0x11297b640>, <snowplow_tracker.self_describing_json.SelfDescribingJson object at 0x11291bfd0>, <snowplow_tracker.self_describing_json.SelfDescribingJson object at 0x112928070>]}
[0m05:43:01.745406 [debug] [MainThread]: Flushing usage events
[0m05:43:01.973655 [debug] [MainThread]: Connection 'debug' was properly closed.


============================== 2022-10-20 05:47:06.840749 | a5a65b4f-a60a-4f36-abce-f34ccc17bfc2 ==============================
[0m05:47:06.840770 [info ] [MainThread]: Running with dbt=1.3.0
[0m05:47:06.841750 [debug] [MainThread]: running dbt with arguments {'write_json': True, 'use_colors': True, 'printer_width': 80, 'version_check': True, 'partial_parse': True, 'static_parser': True, 'profiles_dir': '/Users/paws/.dbt', 'send_anonymous_usage_stats': True, 'event_buffer_size': 100000, 'quiet': False, 'no_print': False, 'config_dir': False, 'which': 'debug', 'indirect_selection': 'eager'}
[0m05:47:06.842055 [debug] [MainThread]: Tracking: tracking
[0m05:47:06.858393 [debug] [MainThread]: Sending event: {'category': 'dbt', 'action': 'invocation', 'label': 'start', 'context': [<snowplow_tracker.self_describing_json.SelfDescribingJson object at 0x10e05c040>, <snowplow_tracker.self_describing_json.SelfDescribingJson object at 0x10e04a910>, <snowplow_tracker.self_describing_json.SelfDescribingJson object at 0x10e04a610>]}
[0m05:47:07.642703 [debug] [MainThread]: Executing "git --help"
[0m05:47:07.665370 [debug] [MainThread]: STDOUT: "b"usage: git [-v | --version] [-h | --help] [-C <path>] [-c <name>=<value>]\n           [--exec-path[=<path>]] [--html-path] [--man-path] [--info-path]\n           [-p | --paginate | -P | --no-pager] [--no-replace-objects] [--bare]\n           [--git-dir=<path>] [--work-tree=<path>] [--namespace=<name>]\n           [--super-prefix=<path>] [--config-env=<name>=<envvar>]\n           <command> [<args>]\n\nThese are common Git commands used in various situations:\n\nstart a working area (see also: git help tutorial)\n   clone     Clone a repository into a new directory\n   init      Create an empty Git repository or reinitialize an existing one\n\nwork on the current change (see also: git help everyday)\n   add       Add file contents to the index\n   mv        Move or rename a file, a directory, or a symlink\n   restore   Restore working tree files\n   rm        Remove files from the working tree and from the index\n\nexamine the history and state (see also: git help revisions)\n   bisect    Use binary search to find the commit that introduced a bug\n   diff      Show changes between commits, commit and working tree, etc\n   grep      Print lines matching a pattern\n   log       Show commit logs\n   show      Show various types of objects\n   status    Show the working tree status\n\ngrow, mark and tweak your common history\n   branch    List, create, or delete branches\n   commit    Record changes to the repository\n   merge     Join two or more development histories together\n   rebase    Reapply commits on top of another base tip\n   reset     Reset current HEAD to the specified state\n   switch    Switch branches\n   tag       Create, list, delete or verify a tag object signed with GPG\n\ncollaborate (see also: git help workflows)\n   fetch     Download objects and refs from another repository\n   pull      Fetch from and integrate with another repository or a local branch\n   push      Update remote refs along with associated objects\n\n'git help -a' and 'git help -g' list available subcommands and some\nconcept guides. See 'git help <command>' or 'git help <concept>'\nto read about a specific subcommand or concept.\nSee 'git help git' for an overview of the system.\n""
[0m05:47:07.666367 [debug] [MainThread]: STDERR: "b''"
[0m05:47:07.674652 [debug] [MainThread]: Acquiring new bigquery connection "debug"
[0m05:47:07.676823 [debug] [MainThread]: Opening a new connection, currently in state init
[0m05:47:07.681521 [debug] [MainThread]: On debug: select 1 as id
[0m05:47:08.188289 [error] [MainThread]: BigQuery adapter: https://console.cloud.google.com/bigquery?project=dbt-setup-tutorial&j=bq:US:d0a7d1b4-b3a6-4e02-9174-e893354136b4&page=queryresults
[0m05:47:08.189377 [debug] [MainThread]: Sending event: {'category': 'dbt', 'action': 'invocation', 'label': 'end', 'context': [<snowplow_tracker.self_describing_json.SelfDescribingJson object at 0x10fbb95b0>, <snowplow_tracker.self_describing_json.SelfDescribingJson object at 0x10fbb9880>, <snowplow_tracker.self_describing_json.SelfDescribingJson object at 0x10fbb93a0>]}
[0m05:47:08.189893 [debug] [MainThread]: Flushing usage events
[0m05:47:08.404051 [debug] [MainThread]: Connection 'debug' was properly closed.


============================== 2022-10-20 05:48:07.635928 | ed80616d-16a9-4248-b2b3-fee1611b8398 ==============================
[0m05:48:07.635940 [info ] [MainThread]: Running with dbt=1.3.0
[0m05:48:07.637001 [debug] [MainThread]: running dbt with arguments {'write_json': True, 'use_colors': True, 'printer_width': 80, 'version_check': True, 'partial_parse': True, 'static_parser': True, 'profiles_dir': '/Users/paws/.dbt', 'send_anonymous_usage_stats': True, 'event_buffer_size': 100000, 'quiet': False, 'no_print': False, 'config_dir': False, 'which': 'debug', 'indirect_selection': 'eager'}
[0m05:48:07.637181 [debug] [MainThread]: Tracking: tracking
[0m05:48:07.655677 [debug] [MainThread]: Sending event: {'category': 'dbt', 'action': 'invocation', 'label': 'start', 'context': [<snowplow_tracker.self_describing_json.SelfDescribingJson object at 0x10a6fd9a0>, <snowplow_tracker.self_describing_json.SelfDescribingJson object at 0x10a6f0790>, <snowplow_tracker.self_describing_json.SelfDescribingJson object at 0x10a6f08b0>]}
[0m05:48:08.457923 [debug] [MainThread]: Executing "git --help"
[0m05:48:08.484181 [debug] [MainThread]: STDOUT: "b"usage: git [-v | --version] [-h | --help] [-C <path>] [-c <name>=<value>]\n           [--exec-path[=<path>]] [--html-path] [--man-path] [--info-path]\n           [-p | --paginate | -P | --no-pager] [--no-replace-objects] [--bare]\n           [--git-dir=<path>] [--work-tree=<path>] [--namespace=<name>]\n           [--super-prefix=<path>] [--config-env=<name>=<envvar>]\n           <command> [<args>]\n\nThese are common Git commands used in various situations:\n\nstart a working area (see also: git help tutorial)\n   clone     Clone a repository into a new directory\n   init      Create an empty Git repository or reinitialize an existing one\n\nwork on the current change (see also: git help everyday)\n   add       Add file contents to the index\n   mv        Move or rename a file, a directory, or a symlink\n   restore   Restore working tree files\n   rm        Remove files from the working tree and from the index\n\nexamine the history and state (see also: git help revisions)\n   bisect    Use binary search to find the commit that introduced a bug\n   diff      Show changes between commits, commit and working tree, etc\n   grep      Print lines matching a pattern\n   log       Show commit logs\n   show      Show various types of objects\n   status    Show the working tree status\n\ngrow, mark and tweak your common history\n   branch    List, create, or delete branches\n   commit    Record changes to the repository\n   merge     Join two or more development histories together\n   rebase    Reapply commits on top of another base tip\n   reset     Reset current HEAD to the specified state\n   switch    Switch branches\n   tag       Create, list, delete or verify a tag object signed with GPG\n\ncollaborate (see also: git help workflows)\n   fetch     Download objects and refs from another repository\n   pull      Fetch from and integrate with another repository or a local branch\n   push      Update remote refs along with associated objects\n\n'git help -a' and 'git help -g' list available subcommands and some\nconcept guides. See 'git help <command>' or 'git help <concept>'\nto read about a specific subcommand or concept.\nSee 'git help git' for an overview of the system.\n""
[0m05:48:08.484962 [debug] [MainThread]: STDERR: "b''"
[0m05:48:08.493269 [debug] [MainThread]: Acquiring new bigquery connection "debug"
[0m05:48:08.495325 [debug] [MainThread]: Opening a new connection, currently in state init
[0m05:48:08.500028 [debug] [MainThread]: On debug: select 1 as id
[0m05:48:08.935117 [error] [MainThread]: BigQuery adapter: https://console.cloud.google.com/bigquery?project=dbt-setup-tutorial&j=bq:US:6fb2bc53-040f-4910-8faa-f86d86b31e80&page=queryresults
[0m05:48:08.936295 [debug] [MainThread]: Sending event: {'category': 'dbt', 'action': 'invocation', 'label': 'end', 'context': [<snowplow_tracker.self_describing_json.SelfDescribingJson object at 0x10c282280>, <snowplow_tracker.self_describing_json.SelfDescribingJson object at 0x10c282eb0>, <snowplow_tracker.self_describing_json.SelfDescribingJson object at 0x10c282850>]}
[0m05:48:08.936774 [debug] [MainThread]: Flushing usage events
[0m05:48:09.017717 [debug] [MainThread]: Connection 'debug' was properly closed.


============================== 2022-10-20 05:48:52.862421 | 1e971fea-2bf8-4cf3-a0ee-a9f60cded027 ==============================
[0m05:48:52.862434 [info ] [MainThread]: Running with dbt=1.3.0
[0m05:48:52.863435 [debug] [MainThread]: running dbt with arguments {'write_json': True, 'use_colors': True, 'printer_width': 80, 'version_check': True, 'partial_parse': True, 'static_parser': True, 'profiles_dir': '/Users/paws/.dbt', 'send_anonymous_usage_stats': True, 'event_buffer_size': 100000, 'quiet': False, 'no_print': False, 'config_dir': False, 'which': 'debug', 'indirect_selection': 'eager'}
[0m05:48:52.863662 [debug] [MainThread]: Tracking: tracking
[0m05:48:52.880336 [debug] [MainThread]: Sending event: {'category': 'dbt', 'action': 'invocation', 'label': 'start', 'context': [<snowplow_tracker.self_describing_json.SelfDescribingJson object at 0x10d0d7610>, <snowplow_tracker.self_describing_json.SelfDescribingJson object at 0x10d0e9d30>, <snowplow_tracker.self_describing_json.SelfDescribingJson object at 0x10d0e94f0>]}
[0m05:48:53.738274 [debug] [MainThread]: Executing "git --help"
[0m05:48:53.766772 [debug] [MainThread]: STDOUT: "b"usage: git [-v | --version] [-h | --help] [-C <path>] [-c <name>=<value>]\n           [--exec-path[=<path>]] [--html-path] [--man-path] [--info-path]\n           [-p | --paginate | -P | --no-pager] [--no-replace-objects] [--bare]\n           [--git-dir=<path>] [--work-tree=<path>] [--namespace=<name>]\n           [--super-prefix=<path>] [--config-env=<name>=<envvar>]\n           <command> [<args>]\n\nThese are common Git commands used in various situations:\n\nstart a working area (see also: git help tutorial)\n   clone     Clone a repository into a new directory\n   init      Create an empty Git repository or reinitialize an existing one\n\nwork on the current change (see also: git help everyday)\n   add       Add file contents to the index\n   mv        Move or rename a file, a directory, or a symlink\n   restore   Restore working tree files\n   rm        Remove files from the working tree and from the index\n\nexamine the history and state (see also: git help revisions)\n   bisect    Use binary search to find the commit that introduced a bug\n   diff      Show changes between commits, commit and working tree, etc\n   grep      Print lines matching a pattern\n   log       Show commit logs\n   show      Show various types of objects\n   status    Show the working tree status\n\ngrow, mark and tweak your common history\n   branch    List, create, or delete branches\n   commit    Record changes to the repository\n   merge     Join two or more development histories together\n   rebase    Reapply commits on top of another base tip\n   reset     Reset current HEAD to the specified state\n   switch    Switch branches\n   tag       Create, list, delete or verify a tag object signed with GPG\n\ncollaborate (see also: git help workflows)\n   fetch     Download objects and refs from another repository\n   pull      Fetch from and integrate with another repository or a local branch\n   push      Update remote refs along with associated objects\n\n'git help -a' and 'git help -g' list available subcommands and some\nconcept guides. See 'git help <command>' or 'git help <concept>'\nto read about a specific subcommand or concept.\nSee 'git help git' for an overview of the system.\n""
[0m05:48:53.767514 [debug] [MainThread]: STDERR: "b''"
[0m05:48:53.775783 [debug] [MainThread]: Acquiring new bigquery connection "debug"
[0m05:48:53.777618 [debug] [MainThread]: Opening a new connection, currently in state init
[0m05:48:53.782646 [debug] [MainThread]: On debug: select 1 as id
[0m05:48:54.123442 [error] [MainThread]: BigQuery adapter: https://console.cloud.google.com/bigquery?project=dbt-setup-tutorial&j=bq:US:a04913ab-024f-4467-862a-cbc5be6484d4&page=queryresults
[0m05:48:54.124435 [debug] [MainThread]: Sending event: {'category': 'dbt', 'action': 'invocation', 'label': 'end', 'context': [<snowplow_tracker.self_describing_json.SelfDescribingJson object at 0x10e586e20>, <snowplow_tracker.self_describing_json.SelfDescribingJson object at 0x10ec00cd0>, <snowplow_tracker.self_describing_json.SelfDescribingJson object at 0x10ec111f0>]}
[0m05:48:54.124826 [debug] [MainThread]: Flushing usage events
[0m05:48:54.238439 [debug] [MainThread]: Connection 'debug' was properly closed.


============================== 2022-10-20 05:49:08.452021 | 983927be-00e8-44cc-966c-ce47e78dae44 ==============================
[0m05:49:08.452033 [info ] [MainThread]: Running with dbt=1.3.0
[0m05:49:08.452962 [debug] [MainThread]: running dbt with arguments {'write_json': True, 'use_colors': True, 'printer_width': 80, 'version_check': True, 'partial_parse': True, 'static_parser': True, 'profiles_dir': '/Users/paws/.dbt', 'send_anonymous_usage_stats': True, 'event_buffer_size': 100000, 'quiet': False, 'no_print': False, 'config_dir': False, 'which': 'debug', 'indirect_selection': 'eager'}
[0m05:49:08.453198 [debug] [MainThread]: Tracking: tracking
[0m05:49:08.472089 [debug] [MainThread]: Sending event: {'category': 'dbt', 'action': 'invocation', 'label': 'start', 'context': [<snowplow_tracker.self_describing_json.SelfDescribingJson object at 0x1088a0a30>, <snowplow_tracker.self_describing_json.SelfDescribingJson object at 0x1088a0af0>, <snowplow_tracker.self_describing_json.SelfDescribingJson object at 0x1088a0be0>]}
[0m05:49:09.254181 [debug] [MainThread]: Executing "git --help"
[0m05:49:09.281601 [debug] [MainThread]: STDOUT: "b"usage: git [-v | --version] [-h | --help] [-C <path>] [-c <name>=<value>]\n           [--exec-path[=<path>]] [--html-path] [--man-path] [--info-path]\n           [-p | --paginate | -P | --no-pager] [--no-replace-objects] [--bare]\n           [--git-dir=<path>] [--work-tree=<path>] [--namespace=<name>]\n           [--super-prefix=<path>] [--config-env=<name>=<envvar>]\n           <command> [<args>]\n\nThese are common Git commands used in various situations:\n\nstart a working area (see also: git help tutorial)\n   clone     Clone a repository into a new directory\n   init      Create an empty Git repository or reinitialize an existing one\n\nwork on the current change (see also: git help everyday)\n   add       Add file contents to the index\n   mv        Move or rename a file, a directory, or a symlink\n   restore   Restore working tree files\n   rm        Remove files from the working tree and from the index\n\nexamine the history and state (see also: git help revisions)\n   bisect    Use binary search to find the commit that introduced a bug\n   diff      Show changes between commits, commit and working tree, etc\n   grep      Print lines matching a pattern\n   log       Show commit logs\n   show      Show various types of objects\n   status    Show the working tree status\n\ngrow, mark and tweak your common history\n   branch    List, create, or delete branches\n   commit    Record changes to the repository\n   merge     Join two or more development histories together\n   rebase    Reapply commits on top of another base tip\n   reset     Reset current HEAD to the specified state\n   switch    Switch branches\n   tag       Create, list, delete or verify a tag object signed with GPG\n\ncollaborate (see also: git help workflows)\n   fetch     Download objects and refs from another repository\n   pull      Fetch from and integrate with another repository or a local branch\n   push      Update remote refs along with associated objects\n\n'git help -a' and 'git help -g' list available subcommands and some\nconcept guides. See 'git help <command>' or 'git help <concept>'\nto read about a specific subcommand or concept.\nSee 'git help git' for an overview of the system.\n""
[0m05:49:09.282427 [debug] [MainThread]: STDERR: "b''"
[0m05:49:09.291964 [debug] [MainThread]: Acquiring new bigquery connection "debug"
[0m05:49:09.293356 [debug] [MainThread]: Opening a new connection, currently in state init
[0m05:49:09.297848 [debug] [MainThread]: On debug: select 1 as id
[0m05:49:09.728039 [error] [MainThread]: BigQuery adapter: https://console.cloud.google.com/bigquery?project=dbt-setup-tutorial&j=bq:US:05d813ed-6336-468b-8b76-be5567898f57&page=queryresults
[0m05:49:09.728971 [debug] [MainThread]: Sending event: {'category': 'dbt', 'action': 'invocation', 'label': 'end', 'context': [<snowplow_tracker.self_describing_json.SelfDescribingJson object at 0x10a4ee1f0>, <snowplow_tracker.self_describing_json.SelfDescribingJson object at 0x10a4ee4f0>, <snowplow_tracker.self_describing_json.SelfDescribingJson object at 0x10a4ee100>]}
[0m05:49:09.729360 [debug] [MainThread]: Flushing usage events
[0m05:49:09.806784 [debug] [MainThread]: Connection 'debug' was properly closed.


============================== 2022-10-20 05:57:41.281659 | f1524fb9-802c-4ed3-8fb0-640229d12d07 ==============================
[0m05:57:41.281675 [info ] [MainThread]: Running with dbt=1.3.0
[0m05:57:41.283093 [debug] [MainThread]: running dbt with arguments {'write_json': True, 'use_colors': True, 'printer_width': 80, 'version_check': True, 'partial_parse': True, 'static_parser': True, 'profiles_dir': '/Users/paws/.dbt', 'send_anonymous_usage_stats': True, 'event_buffer_size': 100000, 'quiet': False, 'no_print': False, 'config_dir': False, 'which': 'debug', 'indirect_selection': 'eager'}
[0m05:57:41.283324 [debug] [MainThread]: Tracking: tracking
[0m05:57:41.305153 [debug] [MainThread]: Sending event: {'category': 'dbt', 'action': 'invocation', 'label': 'start', 'context': [<snowplow_tracker.self_describing_json.SelfDescribingJson object at 0x113a08d30>, <snowplow_tracker.self_describing_json.SelfDescribingJson object at 0x113a08e80>, <snowplow_tracker.self_describing_json.SelfDescribingJson object at 0x113a08280>]}
[0m05:57:41.393800 [debug] [MainThread]: Executing "git --help"
[0m05:57:41.406877 [debug] [MainThread]: STDOUT: "b"usage: git [-v | --version] [-h | --help] [-C <path>] [-c <name>=<value>]\n           [--exec-path[=<path>]] [--html-path] [--man-path] [--info-path]\n           [-p | --paginate | -P | --no-pager] [--no-replace-objects] [--bare]\n           [--git-dir=<path>] [--work-tree=<path>] [--namespace=<name>]\n           [--super-prefix=<path>] [--config-env=<name>=<envvar>]\n           <command> [<args>]\n\nThese are common Git commands used in various situations:\n\nstart a working area (see also: git help tutorial)\n   clone     Clone a repository into a new directory\n   init      Create an empty Git repository or reinitialize an existing one\n\nwork on the current change (see also: git help everyday)\n   add       Add file contents to the index\n   mv        Move or rename a file, a directory, or a symlink\n   restore   Restore working tree files\n   rm        Remove files from the working tree and from the index\n\nexamine the history and state (see also: git help revisions)\n   bisect    Use binary search to find the commit that introduced a bug\n   diff      Show changes between commits, commit and working tree, etc\n   grep      Print lines matching a pattern\n   log       Show commit logs\n   show      Show various types of objects\n   status    Show the working tree status\n\ngrow, mark and tweak your common history\n   branch    List, create, or delete branches\n   commit    Record changes to the repository\n   merge     Join two or more development histories together\n   rebase    Reapply commits on top of another base tip\n   reset     Reset current HEAD to the specified state\n   switch    Switch branches\n   tag       Create, list, delete or verify a tag object signed with GPG\n\ncollaborate (see also: git help workflows)\n   fetch     Download objects and refs from another repository\n   pull      Fetch from and integrate with another repository or a local branch\n   push      Update remote refs along with associated objects\n\n'git help -a' and 'git help -g' list available subcommands and some\nconcept guides. See 'git help <command>' or 'git help <concept>'\nto read about a specific subcommand or concept.\nSee 'git help git' for an overview of the system.\n""
[0m05:57:41.407708 [debug] [MainThread]: STDERR: "b''"
[0m05:57:41.414572 [debug] [MainThread]: Acquiring new postgres connection "debug"
[0m05:57:41.415805 [debug] [MainThread]: Using postgres connection "debug"
[0m05:57:41.416030 [debug] [MainThread]: On debug: select 1 as id
[0m05:57:41.416208 [debug] [MainThread]: Opening a new connection, currently in state init
[0m05:57:41.468817 [debug] [MainThread]: Postgres adapter: Got a retryable error when attempting to open a postgres connection.
1 attempts remaining. Retrying in 0 seconds.
Error:
connection to server at "localhost" (::1), port 5432 failed: FATAL:  database "hoorayjson" does not exist

[0m05:57:41.474860 [debug] [MainThread]: Postgres adapter: Error running SQL: select 1 as id
[0m05:57:41.475350 [debug] [MainThread]: Postgres adapter: Rolling back transaction.
[0m05:57:41.475718 [debug] [MainThread]: On debug: No close available on handle
[0m05:57:41.476883 [debug] [MainThread]: Sending event: {'category': 'dbt', 'action': 'invocation', 'label': 'end', 'context': [<snowplow_tracker.self_describing_json.SelfDescribingJson object at 0x113c7bdf0>, <snowplow_tracker.self_describing_json.SelfDescribingJson object at 0x113c7b8e0>, <snowplow_tracker.self_describing_json.SelfDescribingJson object at 0x113c83040>]}
[0m05:57:41.477830 [debug] [MainThread]: Flushing usage events
[0m05:57:41.649370 [debug] [MainThread]: Connection 'debug' was properly closed.


============================== 2022-10-20 05:58:13.649165 | 8d0d1c10-4479-4dcf-a57f-ef9e430db623 ==============================
[0m05:58:13.649176 [info ] [MainThread]: Running with dbt=1.3.0
[0m05:58:13.649553 [debug] [MainThread]: running dbt with arguments {'write_json': True, 'use_colors': True, 'printer_width': 80, 'version_check': True, 'partial_parse': True, 'static_parser': True, 'profiles_dir': '/Users/paws/.dbt', 'send_anonymous_usage_stats': True, 'event_buffer_size': 100000, 'quiet': False, 'no_print': False, 'config_dir': False, 'which': 'debug', 'indirect_selection': 'eager'}
[0m05:58:13.649713 [debug] [MainThread]: Tracking: tracking
[0m05:58:13.664241 [debug] [MainThread]: Sending event: {'category': 'dbt', 'action': 'invocation', 'label': 'start', 'context': [<snowplow_tracker.self_describing_json.SelfDescribingJson object at 0x10ab6f6d0>, <snowplow_tracker.self_describing_json.SelfDescribingJson object at 0x10ab66730>, <snowplow_tracker.self_describing_json.SelfDescribingJson object at 0x10ab667c0>]}
[0m05:58:13.750376 [debug] [MainThread]: Executing "git --help"
[0m05:58:13.759314 [debug] [MainThread]: STDOUT: "b"usage: git [-v | --version] [-h | --help] [-C <path>] [-c <name>=<value>]\n           [--exec-path[=<path>]] [--html-path] [--man-path] [--info-path]\n           [-p | --paginate | -P | --no-pager] [--no-replace-objects] [--bare]\n           [--git-dir=<path>] [--work-tree=<path>] [--namespace=<name>]\n           [--super-prefix=<path>] [--config-env=<name>=<envvar>]\n           <command> [<args>]\n\nThese are common Git commands used in various situations:\n\nstart a working area (see also: git help tutorial)\n   clone     Clone a repository into a new directory\n   init      Create an empty Git repository or reinitialize an existing one\n\nwork on the current change (see also: git help everyday)\n   add       Add file contents to the index\n   mv        Move or rename a file, a directory, or a symlink\n   restore   Restore working tree files\n   rm        Remove files from the working tree and from the index\n\nexamine the history and state (see also: git help revisions)\n   bisect    Use binary search to find the commit that introduced a bug\n   diff      Show changes between commits, commit and working tree, etc\n   grep      Print lines matching a pattern\n   log       Show commit logs\n   show      Show various types of objects\n   status    Show the working tree status\n\ngrow, mark and tweak your common history\n   branch    List, create, or delete branches\n   commit    Record changes to the repository\n   merge     Join two or more development histories together\n   rebase    Reapply commits on top of another base tip\n   reset     Reset current HEAD to the specified state\n   switch    Switch branches\n   tag       Create, list, delete or verify a tag object signed with GPG\n\ncollaborate (see also: git help workflows)\n   fetch     Download objects and refs from another repository\n   pull      Fetch from and integrate with another repository or a local branch\n   push      Update remote refs along with associated objects\n\n'git help -a' and 'git help -g' list available subcommands and some\nconcept guides. See 'git help <command>' or 'git help <concept>'\nto read about a specific subcommand or concept.\nSee 'git help git' for an overview of the system.\n""
[0m05:58:13.760146 [debug] [MainThread]: STDERR: "b''"
[0m05:58:13.765864 [debug] [MainThread]: Acquiring new postgres connection "debug"
[0m05:58:13.766944 [debug] [MainThread]: Using postgres connection "debug"
[0m05:58:13.767142 [debug] [MainThread]: On debug: select 1 as id
[0m05:58:13.767327 [debug] [MainThread]: Opening a new connection, currently in state init
[0m05:58:13.791856 [debug] [MainThread]: SQL status: SELECT 1 in 0.02 seconds
[0m05:58:13.794903 [debug] [MainThread]: On debug: Close
[0m05:58:13.795627 [debug] [MainThread]: Sending event: {'category': 'dbt', 'action': 'invocation', 'label': 'end', 'context': [<snowplow_tracker.self_describing_json.SelfDescribingJson object at 0x10ada9400>, <snowplow_tracker.self_describing_json.SelfDescribingJson object at 0x10ade3fa0>, <snowplow_tracker.self_describing_json.SelfDescribingJson object at 0x10ade3f70>]}
[0m05:58:13.796297 [debug] [MainThread]: Flushing usage events
[0m05:58:13.962373 [debug] [MainThread]: Connection 'debug' was properly closed.


============================== 2022-10-20 05:58:28.839615 | 5c8a47f7-29aa-4b85-8718-4b791c6cd263 ==============================
[0m05:58:28.839665 [info ] [MainThread]: Running with dbt=1.3.0
[0m05:58:28.840419 [debug] [MainThread]: running dbt with arguments {'write_json': True, 'use_colors': True, 'printer_width': 80, 'version_check': True, 'partial_parse': True, 'static_parser': True, 'profiles_dir': '/Users/paws/.dbt', 'send_anonymous_usage_stats': True, 'event_buffer_size': 100000, 'quiet': False, 'no_print': False, 'which': 'run', 'rpc_method': 'run', 'indirect_selection': 'eager'}
[0m05:58:28.840621 [debug] [MainThread]: Tracking: tracking
[0m05:58:28.855389 [debug] [MainThread]: Sending event: {'category': 'dbt', 'action': 'invocation', 'label': 'start', 'context': [<snowplow_tracker.self_describing_json.SelfDescribingJson object at 0x1102c1ee0>, <snowplow_tracker.self_describing_json.SelfDescribingJson object at 0x1102dc100>, <snowplow_tracker.self_describing_json.SelfDescribingJson object at 0x1102dc0a0>]}
[0m05:58:28.871941 [info ] [MainThread]: Partial parse save file not found. Starting full parse.
[0m05:58:28.872455 [debug] [MainThread]: Sending event: {'category': 'dbt', 'action': 'partial_parser', 'label': '5c8a47f7-29aa-4b85-8718-4b791c6cd263', 'context': [<snowplow_tracker.self_describing_json.SelfDescribingJson object at 0x1102ba400>]}
[0m05:58:28.909774 [debug] [MainThread]: Parsing macros/timestamps.sql
[0m05:58:28.913729 [debug] [MainThread]: Parsing macros/catalog.sql
[0m05:58:28.916356 [debug] [MainThread]: Parsing macros/relations.sql
[0m05:58:28.917845 [debug] [MainThread]: Parsing macros/adapters.sql
[0m05:58:28.943570 [debug] [MainThread]: Parsing macros/materializations/incremental_strategies.sql
[0m05:58:28.944820 [debug] [MainThread]: Parsing macros/materializations/snapshot_merge.sql
[0m05:58:28.946860 [debug] [MainThread]: Parsing macros/utils/dateadd.sql
[0m05:58:28.947716 [debug] [MainThread]: Parsing macros/utils/listagg.sql
[0m05:58:28.949219 [debug] [MainThread]: Parsing macros/utils/datediff.sql
[0m05:58:28.956498 [debug] [MainThread]: Parsing macros/utils/any_value.sql
[0m05:58:28.957175 [debug] [MainThread]: Parsing macros/utils/last_day.sql
[0m05:58:28.958487 [debug] [MainThread]: Parsing macros/utils/split_part.sql
[0m05:58:28.959583 [debug] [MainThread]: Parsing macros/materializations/hooks.sql
[0m05:58:28.963563 [debug] [MainThread]: Parsing macros/materializations/configs.sql
[0m05:58:28.966006 [debug] [MainThread]: Parsing macros/materializations/snapshots/snapshot_merge.sql
[0m05:58:28.967802 [debug] [MainThread]: Parsing macros/materializations/snapshots/strategies.sql
[0m05:58:28.985752 [debug] [MainThread]: Parsing macros/materializations/snapshots/helpers.sql
[0m05:58:28.999564 [debug] [MainThread]: Parsing macros/materializations/snapshots/snapshot.sql
[0m05:58:29.012794 [debug] [MainThread]: Parsing macros/materializations/tests/test.sql
[0m05:58:29.017614 [debug] [MainThread]: Parsing macros/materializations/tests/helpers.sql
[0m05:58:29.019769 [debug] [MainThread]: Parsing macros/materializations/tests/where_subquery.sql
[0m05:58:29.022103 [debug] [MainThread]: Parsing macros/materializations/models/incremental/column_helpers.sql
[0m05:58:29.031136 [debug] [MainThread]: Parsing macros/materializations/models/incremental/merge.sql
[0m05:58:29.048404 [debug] [MainThread]: Parsing macros/materializations/models/incremental/is_incremental.sql
[0m05:58:29.050215 [debug] [MainThread]: Parsing macros/materializations/models/incremental/strategies.sql
[0m05:58:29.058248 [debug] [MainThread]: Parsing macros/materializations/models/incremental/incremental.sql
[0m05:58:29.069446 [debug] [MainThread]: Parsing macros/materializations/models/incremental/on_schema_change.sql
[0m05:58:29.086585 [debug] [MainThread]: Parsing macros/materializations/models/table/table.sql
[0m05:58:29.092361 [debug] [MainThread]: Parsing macros/materializations/models/table/create_table_as.sql
[0m05:58:29.096021 [debug] [MainThread]: Parsing macros/materializations/models/view/view.sql
[0m05:58:29.101832 [debug] [MainThread]: Parsing macros/materializations/models/view/helpers.sql
[0m05:58:29.103208 [debug] [MainThread]: Parsing macros/materializations/models/view/create_or_replace_view.sql
[0m05:58:29.107020 [debug] [MainThread]: Parsing macros/materializations/models/view/create_view_as.sql
[0m05:58:29.109624 [debug] [MainThread]: Parsing macros/materializations/seeds/seed.sql
[0m05:58:29.117335 [debug] [MainThread]: Parsing macros/materializations/seeds/helpers.sql
[0m05:58:29.136926 [debug] [MainThread]: Parsing macros/get_custom_name/get_custom_alias.sql
[0m05:58:29.138460 [debug] [MainThread]: Parsing macros/get_custom_name/get_custom_schema.sql
[0m05:58:29.140880 [debug] [MainThread]: Parsing macros/get_custom_name/get_custom_database.sql
[0m05:58:29.142418 [debug] [MainThread]: Parsing macros/generic_test_sql/relationships.sql
[0m05:58:29.143274 [debug] [MainThread]: Parsing macros/generic_test_sql/not_null.sql
[0m05:58:29.144082 [debug] [MainThread]: Parsing macros/generic_test_sql/unique.sql
[0m05:58:29.144761 [debug] [MainThread]: Parsing macros/generic_test_sql/accepted_values.sql
[0m05:58:29.146131 [debug] [MainThread]: Parsing macros/etc/statement.sql
[0m05:58:29.151029 [debug] [MainThread]: Parsing macros/etc/datetime.sql
[0m05:58:29.158710 [debug] [MainThread]: Parsing macros/utils/except.sql
[0m05:58:29.159542 [debug] [MainThread]: Parsing macros/utils/replace.sql
[0m05:58:29.160625 [debug] [MainThread]: Parsing macros/utils/concat.sql
[0m05:58:29.161498 [debug] [MainThread]: Parsing macros/utils/length.sql
[0m05:58:29.162393 [debug] [MainThread]: Parsing macros/utils/dateadd.sql
[0m05:58:29.163504 [debug] [MainThread]: Parsing macros/utils/intersect.sql
[0m05:58:29.164263 [debug] [MainThread]: Parsing macros/utils/escape_single_quotes.sql
[0m05:58:29.165202 [debug] [MainThread]: Parsing macros/utils/right.sql
[0m05:58:29.166534 [debug] [MainThread]: Parsing macros/utils/listagg.sql
[0m05:58:29.168624 [debug] [MainThread]: Parsing macros/utils/datediff.sql
[0m05:58:29.169938 [debug] [MainThread]: Parsing macros/utils/safe_cast.sql
[0m05:58:29.171038 [debug] [MainThread]: Parsing macros/utils/hash.sql
[0m05:58:29.172065 [debug] [MainThread]: Parsing macros/utils/cast_bool_to_text.sql
[0m05:58:29.173319 [debug] [MainThread]: Parsing macros/utils/any_value.sql
[0m05:58:29.174250 [debug] [MainThread]: Parsing macros/utils/position.sql
[0m05:58:29.175354 [debug] [MainThread]: Parsing macros/utils/literal.sql
[0m05:58:29.176282 [debug] [MainThread]: Parsing macros/utils/data_types.sql
[0m05:58:29.183241 [debug] [MainThread]: Parsing macros/utils/array_concat.sql
[0m05:58:29.184508 [debug] [MainThread]: Parsing macros/utils/bool_or.sql
[0m05:58:29.185492 [debug] [MainThread]: Parsing macros/utils/last_day.sql
[0m05:58:29.187314 [debug] [MainThread]: Parsing macros/utils/split_part.sql
[0m05:58:29.189504 [debug] [MainThread]: Parsing macros/utils/date_trunc.sql
[0m05:58:29.190554 [debug] [MainThread]: Parsing macros/utils/array_construct.sql
[0m05:58:29.192062 [debug] [MainThread]: Parsing macros/utils/array_append.sql
[0m05:58:29.193131 [debug] [MainThread]: Parsing macros/adapters/schema.sql
[0m05:58:29.195156 [debug] [MainThread]: Parsing macros/adapters/timestamps.sql
[0m05:58:29.198171 [debug] [MainThread]: Parsing macros/adapters/indexes.sql
[0m05:58:29.200630 [debug] [MainThread]: Parsing macros/adapters/relation.sql
[0m05:58:29.214378 [debug] [MainThread]: Parsing macros/adapters/freshness.sql
[0m05:58:29.216188 [debug] [MainThread]: Parsing macros/adapters/apply_grants.sql
[0m05:58:29.228592 [debug] [MainThread]: Parsing macros/adapters/persist_docs.sql
[0m05:58:29.232998 [debug] [MainThread]: Parsing macros/adapters/metadata.sql
[0m05:58:29.240086 [debug] [MainThread]: Parsing macros/adapters/columns.sql
[0m05:58:29.250177 [debug] [MainThread]: Parsing macros/python_model/python.sql
[0m05:58:29.256347 [debug] [MainThread]: Parsing tests/generic/builtin.sql
[0m05:58:29.550001 [debug] [MainThread]: 1699: static parser successfully parsed example/my_first_dbt_model.sql
[0m05:58:29.564761 [debug] [MainThread]: 1699: static parser successfully parsed example/my_second_dbt_model.sql
[0m05:58:29.644191 [debug] [MainThread]: Sending event: {'category': 'dbt', 'action': 'load_project', 'label': '5c8a47f7-29aa-4b85-8718-4b791c6cd263', 'context': [<snowplow_tracker.self_describing_json.SelfDescribingJson object at 0x1102dcb50>]}
[0m05:58:29.651902 [debug] [MainThread]: Sending event: {'category': 'dbt', 'action': 'resource_counts', 'label': '5c8a47f7-29aa-4b85-8718-4b791c6cd263', 'context': [<snowplow_tracker.self_describing_json.SelfDescribingJson object at 0x1102dcbb0>]}
[0m05:58:29.652430 [info ] [MainThread]: Found 2 models, 4 tests, 0 snapshots, 0 analyses, 289 macros, 0 operations, 0 seed files, 0 sources, 0 exposures, 0 metrics
[0m05:58:29.652750 [debug] [MainThread]: Sending event: {'category': 'dbt', 'action': 'runnable_timing', 'label': '5c8a47f7-29aa-4b85-8718-4b791c6cd263', 'context': [<snowplow_tracker.self_describing_json.SelfDescribingJson object at 0x1104f7ee0>]}
[0m05:58:29.654089 [info ] [MainThread]: 
[0m05:58:29.654849 [debug] [MainThread]: Acquiring new postgres connection "master"
[0m05:58:29.655953 [debug] [ThreadPool]: Acquiring new postgres connection "list_paws"
[0m05:58:29.668578 [debug] [ThreadPool]: Using postgres connection "list_paws"
[0m05:58:29.668814 [debug] [ThreadPool]: On list_paws: /* {"app": "dbt", "dbt_version": "1.3.0", "profile_name": "jaffle_shop", "target_name": "dev", "connection_name": "list_paws"} */

    select distinct nspname from pg_namespace
  
[0m05:58:29.668958 [debug] [ThreadPool]: Opening a new connection, currently in state init
[0m05:58:29.686779 [debug] [ThreadPool]: SQL status: SELECT 4 in 0.02 seconds
[0m05:58:29.688510 [debug] [ThreadPool]: On list_paws: Close
[0m05:58:29.690990 [debug] [ThreadPool]: Acquiring new postgres connection "list_paws_public"
[0m05:58:29.698071 [debug] [ThreadPool]: Using postgres connection "list_paws_public"
[0m05:58:29.698312 [debug] [ThreadPool]: On list_paws_public: BEGIN
[0m05:58:29.698458 [debug] [ThreadPool]: Opening a new connection, currently in state closed
[0m05:58:29.705561 [debug] [ThreadPool]: SQL status: BEGIN in 0.01 seconds
[0m05:58:29.705880 [debug] [ThreadPool]: Using postgres connection "list_paws_public"
[0m05:58:29.706052 [debug] [ThreadPool]: On list_paws_public: /* {"app": "dbt", "dbt_version": "1.3.0", "profile_name": "jaffle_shop", "target_name": "dev", "connection_name": "list_paws_public"} */
select
      'paws' as database,
      tablename as name,
      schemaname as schema,
      'table' as type
    from pg_tables
    where schemaname ilike 'public'
    union all
    select
      'paws' as database,
      viewname as name,
      schemaname as schema,
      'view' as type
    from pg_views
    where schemaname ilike 'public'
  
[0m05:58:29.715028 [debug] [ThreadPool]: SQL status: SELECT 6 in 0.01 seconds
[0m05:58:29.716541 [debug] [ThreadPool]: On list_paws_public: ROLLBACK
[0m05:58:29.716907 [debug] [ThreadPool]: On list_paws_public: Close
[0m05:58:29.723041 [debug] [MainThread]: Using postgres connection "master"
[0m05:58:29.723303 [debug] [MainThread]: On master: BEGIN
[0m05:58:29.723455 [debug] [MainThread]: Opening a new connection, currently in state init
[0m05:58:29.727775 [debug] [MainThread]: SQL status: BEGIN in 0.0 seconds
[0m05:58:29.727977 [debug] [MainThread]: Using postgres connection "master"
[0m05:58:29.728127 [debug] [MainThread]: On master: /* {"app": "dbt", "dbt_version": "1.3.0", "profile_name": "jaffle_shop", "target_name": "dev", "connection_name": "master"} */
with relation as (
        select
            pg_rewrite.ev_class as class,
            pg_rewrite.oid as id
        from pg_rewrite
    ),
    class as (
        select
            oid as id,
            relname as name,
            relnamespace as schema,
            relkind as kind
        from pg_class
    ),
    dependency as (
        select distinct
            pg_depend.objid as id,
            pg_depend.refobjid as ref
        from pg_depend
    ),
    schema as (
        select
            pg_namespace.oid as id,
            pg_namespace.nspname as name
        from pg_namespace
        where nspname != 'information_schema' and nspname not like 'pg\_%'
    ),
    referenced as (
        select
            relation.id AS id,
            referenced_class.name ,
            referenced_class.schema ,
            referenced_class.kind
        from relation
        join class as referenced_class on relation.class=referenced_class.id
        where referenced_class.kind in ('r', 'v')
    ),
    relationships as (
        select
            referenced.name as referenced_name,
            referenced.schema as referenced_schema_id,
            dependent_class.name as dependent_name,
            dependent_class.schema as dependent_schema_id,
            referenced.kind as kind
        from referenced
        join dependency on referenced.id=dependency.id
        join class as dependent_class on dependency.ref=dependent_class.id
        where
            (referenced.name != dependent_class.name or
             referenced.schema != dependent_class.schema)
    )

    select
        referenced_schema.name as referenced_schema,
        relationships.referenced_name as referenced_name,
        dependent_schema.name as dependent_schema,
        relationships.dependent_name as dependent_name
    from relationships
    join schema as dependent_schema on relationships.dependent_schema_id=dependent_schema.id
    join schema as referenced_schema on relationships.referenced_schema_id=referenced_schema.id
    group by referenced_schema, referenced_name, dependent_schema, dependent_name
    order by referenced_schema, referenced_name, dependent_schema, dependent_name;
[0m05:58:29.749388 [debug] [MainThread]: SQL status: SELECT 0 in 0.02 seconds
[0m05:58:29.750709 [debug] [MainThread]: Sending event: {'category': 'dbt', 'action': 'runnable_timing', 'label': '5c8a47f7-29aa-4b85-8718-4b791c6cd263', 'context': [<snowplow_tracker.self_describing_json.SelfDescribingJson object at 0x110602910>]}
[0m05:58:29.751181 [debug] [MainThread]: On master: ROLLBACK
[0m05:58:29.751638 [debug] [MainThread]: Using postgres connection "master"
[0m05:58:29.751851 [debug] [MainThread]: On master: BEGIN
[0m05:58:29.752213 [debug] [MainThread]: SQL status: BEGIN in 0.0 seconds
[0m05:58:29.752400 [debug] [MainThread]: On master: COMMIT
[0m05:58:29.752557 [debug] [MainThread]: Using postgres connection "master"
[0m05:58:29.752694 [debug] [MainThread]: On master: COMMIT
[0m05:58:29.752935 [debug] [MainThread]: SQL status: COMMIT in 0.0 seconds
[0m05:58:29.753109 [debug] [MainThread]: On master: Close
[0m05:58:29.753699 [info ] [MainThread]: Concurrency: 1 threads (target='dev')
[0m05:58:29.753986 [info ] [MainThread]: 
[0m05:58:29.775057 [debug] [Thread-1  ]: Began running node model.jaffle_shop.my_first_dbt_model
[0m05:58:29.775387 [info ] [Thread-1  ]: 1 of 2 START sql table model public.my_first_dbt_model ......................... [RUN]
[0m05:58:29.776064 [debug] [Thread-1  ]: Acquiring new postgres connection "model.jaffle_shop.my_first_dbt_model"
[0m05:58:29.776242 [debug] [Thread-1  ]: Began compiling node model.jaffle_shop.my_first_dbt_model
[0m05:58:29.776413 [debug] [Thread-1  ]: Compiling model.jaffle_shop.my_first_dbt_model
[0m05:58:29.779493 [debug] [Thread-1  ]: Writing injected SQL for node "model.jaffle_shop.my_first_dbt_model"
[0m05:58:29.780173 [debug] [Thread-1  ]: finished collecting timing info
[0m05:58:29.780361 [debug] [Thread-1  ]: Began executing node model.jaffle_shop.my_first_dbt_model
[0m05:58:29.831205 [debug] [Thread-1  ]: Writing runtime sql for node "model.jaffle_shop.my_first_dbt_model"
[0m05:58:29.832084 [debug] [Thread-1  ]: Using postgres connection "model.jaffle_shop.my_first_dbt_model"
[0m05:58:29.832253 [debug] [Thread-1  ]: On model.jaffle_shop.my_first_dbt_model: BEGIN
[0m05:58:29.832393 [debug] [Thread-1  ]: Opening a new connection, currently in state closed
[0m05:58:29.836715 [debug] [Thread-1  ]: SQL status: BEGIN in 0.0 seconds
[0m05:58:29.836969 [debug] [Thread-1  ]: Using postgres connection "model.jaffle_shop.my_first_dbt_model"
[0m05:58:29.837118 [debug] [Thread-1  ]: On model.jaffle_shop.my_first_dbt_model: /* {"app": "dbt", "dbt_version": "1.3.0", "profile_name": "jaffle_shop", "target_name": "dev", "node_id": "model.jaffle_shop.my_first_dbt_model"} */

  
    

  create  table "paws"."public"."my_first_dbt_model__dbt_tmp"
  as (
    /*
    Welcome to your first dbt model!
    Did you know that you can also configure models directly within SQL files?
    This will override configurations stated in dbt_project.yml

    Try changing "table" to "view" below
*/



with source_data as (

    select 1 as id
    union all
    select null as id

)

select *
from source_data

/*
    Uncomment the line below to remove records with null `id` values
*/

-- where id is not null
  );
  
[0m05:58:29.860372 [debug] [Thread-1  ]: SQL status: SELECT 2 in 0.02 seconds
[0m05:58:29.867863 [debug] [Thread-1  ]: Using postgres connection "model.jaffle_shop.my_first_dbt_model"
[0m05:58:29.868100 [debug] [Thread-1  ]: On model.jaffle_shop.my_first_dbt_model: /* {"app": "dbt", "dbt_version": "1.3.0", "profile_name": "jaffle_shop", "target_name": "dev", "node_id": "model.jaffle_shop.my_first_dbt_model"} */
alter table "paws"."public"."my_first_dbt_model__dbt_tmp" rename to "my_first_dbt_model"
[0m05:58:29.870032 [debug] [Thread-1  ]: SQL status: ALTER TABLE in 0.0 seconds
[0m05:58:29.895573 [debug] [Thread-1  ]: On model.jaffle_shop.my_first_dbt_model: COMMIT
[0m05:58:29.895865 [debug] [Thread-1  ]: Using postgres connection "model.jaffle_shop.my_first_dbt_model"
[0m05:58:29.896023 [debug] [Thread-1  ]: On model.jaffle_shop.my_first_dbt_model: COMMIT
[0m05:58:29.896826 [debug] [Thread-1  ]: SQL status: COMMIT in 0.0 seconds
[0m05:58:29.902446 [debug] [Thread-1  ]: Using postgres connection "model.jaffle_shop.my_first_dbt_model"
[0m05:58:29.902625 [debug] [Thread-1  ]: On model.jaffle_shop.my_first_dbt_model: /* {"app": "dbt", "dbt_version": "1.3.0", "profile_name": "jaffle_shop", "target_name": "dev", "node_id": "model.jaffle_shop.my_first_dbt_model"} */
drop table if exists "paws"."public"."my_first_dbt_model__dbt_backup" cascade
[0m05:58:29.903645 [debug] [Thread-1  ]: SQL status: DROP TABLE in 0.0 seconds
[0m05:58:29.905072 [debug] [Thread-1  ]: finished collecting timing info
[0m05:58:29.905286 [debug] [Thread-1  ]: On model.jaffle_shop.my_first_dbt_model: Close
[0m05:58:29.905886 [debug] [Thread-1  ]: Sending event: {'category': 'dbt', 'action': 'run_model', 'label': '5c8a47f7-29aa-4b85-8718-4b791c6cd263', 'context': [<snowplow_tracker.self_describing_json.SelfDescribingJson object at 0x10c701be0>]}
[0m05:58:29.906254 [info ] [Thread-1  ]: 1 of 2 OK created sql table model public.my_first_dbt_model .................... [[32mSELECT 2[0m in 0.13s]
[0m05:58:29.906691 [debug] [Thread-1  ]: Finished running node model.jaffle_shop.my_first_dbt_model
[0m05:58:29.907575 [debug] [Thread-1  ]: Began running node model.jaffle_shop.my_second_dbt_model
[0m05:58:29.907900 [info ] [Thread-1  ]: 2 of 2 START sql view model public.my_second_dbt_model ......................... [RUN]
[0m05:58:29.908542 [debug] [Thread-1  ]: Acquiring new postgres connection "model.jaffle_shop.my_second_dbt_model"
[0m05:58:29.908720 [debug] [Thread-1  ]: Began compiling node model.jaffle_shop.my_second_dbt_model
[0m05:58:29.908881 [debug] [Thread-1  ]: Compiling model.jaffle_shop.my_second_dbt_model
[0m05:58:29.912007 [debug] [Thread-1  ]: Writing injected SQL for node "model.jaffle_shop.my_second_dbt_model"
[0m05:58:29.912511 [debug] [Thread-1  ]: finished collecting timing info
[0m05:58:29.912697 [debug] [Thread-1  ]: Began executing node model.jaffle_shop.my_second_dbt_model
[0m05:58:29.935220 [debug] [Thread-1  ]: Writing runtime sql for node "model.jaffle_shop.my_second_dbt_model"
[0m05:58:29.935766 [debug] [Thread-1  ]: Using postgres connection "model.jaffle_shop.my_second_dbt_model"
[0m05:58:29.935922 [debug] [Thread-1  ]: On model.jaffle_shop.my_second_dbt_model: BEGIN
[0m05:58:29.936053 [debug] [Thread-1  ]: Opening a new connection, currently in state closed
[0m05:58:29.940607 [debug] [Thread-1  ]: SQL status: BEGIN in 0.0 seconds
[0m05:58:29.940952 [debug] [Thread-1  ]: Using postgres connection "model.jaffle_shop.my_second_dbt_model"
[0m05:58:29.941125 [debug] [Thread-1  ]: On model.jaffle_shop.my_second_dbt_model: /* {"app": "dbt", "dbt_version": "1.3.0", "profile_name": "jaffle_shop", "target_name": "dev", "node_id": "model.jaffle_shop.my_second_dbt_model"} */

  create view "paws"."public"."my_second_dbt_model__dbt_tmp" as (
    -- Use the `ref` function to select from other models

select *
from "paws"."public"."my_first_dbt_model"
where id = 1
  );
[0m05:58:29.948240 [debug] [Thread-1  ]: SQL status: CREATE VIEW in 0.01 seconds
[0m05:58:29.952029 [debug] [Thread-1  ]: Using postgres connection "model.jaffle_shop.my_second_dbt_model"
[0m05:58:29.952300 [debug] [Thread-1  ]: On model.jaffle_shop.my_second_dbt_model: /* {"app": "dbt", "dbt_version": "1.3.0", "profile_name": "jaffle_shop", "target_name": "dev", "node_id": "model.jaffle_shop.my_second_dbt_model"} */
alter table "paws"."public"."my_second_dbt_model__dbt_tmp" rename to "my_second_dbt_model"
[0m05:58:29.952891 [debug] [Thread-1  ]: SQL status: ALTER TABLE in 0.0 seconds
[0m05:58:29.954745 [debug] [Thread-1  ]: On model.jaffle_shop.my_second_dbt_model: COMMIT
[0m05:58:29.954926 [debug] [Thread-1  ]: Using postgres connection "model.jaffle_shop.my_second_dbt_model"
[0m05:58:29.955078 [debug] [Thread-1  ]: On model.jaffle_shop.my_second_dbt_model: COMMIT
[0m05:58:29.955648 [debug] [Thread-1  ]: SQL status: COMMIT in 0.0 seconds
[0m05:58:29.958123 [debug] [Thread-1  ]: Using postgres connection "model.jaffle_shop.my_second_dbt_model"
[0m05:58:29.958325 [debug] [Thread-1  ]: On model.jaffle_shop.my_second_dbt_model: /* {"app": "dbt", "dbt_version": "1.3.0", "profile_name": "jaffle_shop", "target_name": "dev", "node_id": "model.jaffle_shop.my_second_dbt_model"} */
drop view if exists "paws"."public"."my_second_dbt_model__dbt_backup" cascade
[0m05:58:29.958815 [debug] [Thread-1  ]: SQL status: DROP VIEW in 0.0 seconds
[0m05:58:29.960069 [debug] [Thread-1  ]: finished collecting timing info
[0m05:58:29.960332 [debug] [Thread-1  ]: On model.jaffle_shop.my_second_dbt_model: Close
[0m05:58:29.960991 [debug] [Thread-1  ]: Sending event: {'category': 'dbt', 'action': 'run_model', 'label': '5c8a47f7-29aa-4b85-8718-4b791c6cd263', 'context': [<snowplow_tracker.self_describing_json.SelfDescribingJson object at 0x1105fd070>]}
[0m05:58:29.961374 [info ] [Thread-1  ]: 2 of 2 OK created sql view model public.my_second_dbt_model .................... [[32mCREATE VIEW[0m in 0.05s]
[0m05:58:29.961846 [debug] [Thread-1  ]: Finished running node model.jaffle_shop.my_second_dbt_model
[0m05:58:29.963245 [debug] [MainThread]: Acquiring new postgres connection "master"
[0m05:58:29.963475 [debug] [MainThread]: Using postgres connection "master"
[0m05:58:29.963687 [debug] [MainThread]: On master: BEGIN
[0m05:58:29.963844 [debug] [MainThread]: Opening a new connection, currently in state closed
[0m05:58:29.968032 [debug] [MainThread]: SQL status: BEGIN in 0.0 seconds
[0m05:58:29.968232 [debug] [MainThread]: On master: COMMIT
[0m05:58:29.968422 [debug] [MainThread]: Using postgres connection "master"
[0m05:58:29.968609 [debug] [MainThread]: On master: COMMIT
[0m05:58:29.968921 [debug] [MainThread]: SQL status: COMMIT in 0.0 seconds
[0m05:58:29.969121 [debug] [MainThread]: On master: Close
[0m05:58:29.969703 [info ] [MainThread]: 
[0m05:58:29.969990 [info ] [MainThread]: Finished running 1 table model, 1 view model in 0 hours 0 minutes and 0.32 seconds (0.32s).
[0m05:58:29.970251 [debug] [MainThread]: Connection 'master' was properly closed.
[0m05:58:29.970390 [debug] [MainThread]: Connection 'model.jaffle_shop.my_second_dbt_model' was properly closed.
[0m05:58:29.978163 [info ] [MainThread]: 
[0m05:58:29.978490 [info ] [MainThread]: [32mCompleted successfully[0m
[0m05:58:29.978782 [info ] [MainThread]: 
[0m05:58:29.979026 [info ] [MainThread]: Done. PASS=2 WARN=0 ERROR=0 SKIP=0 TOTAL=2
[0m05:58:29.979353 [debug] [MainThread]: Sending event: {'category': 'dbt', 'action': 'invocation', 'label': 'end', 'context': [<snowplow_tracker.self_describing_json.SelfDescribingJson object at 0x11005c280>, <snowplow_tracker.self_describing_json.SelfDescribingJson object at 0x10fa34f70>, <snowplow_tracker.self_describing_json.SelfDescribingJson object at 0x1105f3df0>]}
[0m05:58:29.979610 [debug] [MainThread]: Flushing usage events


============================== 2022-10-20 06:01:13.254445 | b0b8239f-934d-48ca-97c9-ebdb5cf45f02 ==============================
[0m06:01:13.254531 [info ] [MainThread]: Running with dbt=1.3.0
[0m06:01:13.256387 [debug] [MainThread]: running dbt with arguments {'write_json': True, 'use_colors': True, 'printer_width': 80, 'version_check': True, 'partial_parse': True, 'static_parser': True, 'profiles_dir': '/Users/paws/.dbt', 'send_anonymous_usage_stats': True, 'event_buffer_size': 100000, 'quiet': False, 'no_print': False, 'which': 'run', 'rpc_method': 'run', 'indirect_selection': 'eager'}
[0m06:01:13.257769 [debug] [MainThread]: Tracking: tracking
[0m06:01:13.275085 [debug] [MainThread]: Sending event: {'category': 'dbt', 'action': 'invocation', 'label': 'start', 'context': [<snowplow_tracker.self_describing_json.SelfDescribingJson object at 0x109a9ad60>, <snowplow_tracker.self_describing_json.SelfDescribingJson object at 0x109a9ae80>, <snowplow_tracker.self_describing_json.SelfDescribingJson object at 0x109a9aeb0>]}
[0m06:01:13.355884 [debug] [MainThread]: Partial parsing enabled: 0 files deleted, 0 files added, 0 files changed.
[0m06:01:13.356157 [debug] [MainThread]: Partial parsing enabled, no changes found, skipping parsing
[0m06:01:13.365076 [debug] [MainThread]: Sending event: {'category': 'dbt', 'action': 'load_project', 'label': 'b0b8239f-934d-48ca-97c9-ebdb5cf45f02', 'context': [<snowplow_tracker.self_describing_json.SelfDescribingJson object at 0x109d0f0d0>]}
[0m06:01:13.374551 [debug] [MainThread]: Sending event: {'category': 'dbt', 'action': 'resource_counts', 'label': 'b0b8239f-934d-48ca-97c9-ebdb5cf45f02', 'context': [<snowplow_tracker.self_describing_json.SelfDescribingJson object at 0x109c4eca0>]}
[0m06:01:13.375079 [info ] [MainThread]: Found 2 models, 4 tests, 0 snapshots, 0 analyses, 289 macros, 0 operations, 0 seed files, 0 sources, 0 exposures, 0 metrics
[0m06:01:13.375479 [debug] [MainThread]: Sending event: {'category': 'dbt', 'action': 'runnable_timing', 'label': 'b0b8239f-934d-48ca-97c9-ebdb5cf45f02', 'context': [<snowplow_tracker.self_describing_json.SelfDescribingJson object at 0x109c4ee20>]}
[0m06:01:13.377378 [info ] [MainThread]: 
[0m06:01:13.378221 [debug] [MainThread]: Acquiring new postgres connection "master"
[0m06:01:13.379272 [debug] [ThreadPool]: Acquiring new postgres connection "list_paws"
[0m06:01:13.393985 [debug] [ThreadPool]: Using postgres connection "list_paws"
[0m06:01:13.394253 [debug] [ThreadPool]: On list_paws: /* {"app": "dbt", "dbt_version": "1.3.0", "profile_name": "jaffle_shop", "target_name": "dev", "connection_name": "list_paws"} */

    select distinct nspname from pg_namespace
  
[0m06:01:13.394421 [debug] [ThreadPool]: Opening a new connection, currently in state init
[0m06:01:13.422087 [debug] [ThreadPool]: SQL status: SELECT 4 in 0.03 seconds
[0m06:01:13.423858 [debug] [ThreadPool]: On list_paws: Close
[0m06:01:13.425338 [debug] [ThreadPool]: Acquiring new postgres connection "list_paws_public"
[0m06:01:13.432209 [debug] [ThreadPool]: Using postgres connection "list_paws_public"
[0m06:01:13.432414 [debug] [ThreadPool]: On list_paws_public: BEGIN
[0m06:01:13.432563 [debug] [ThreadPool]: Opening a new connection, currently in state closed
[0m06:01:13.436921 [debug] [ThreadPool]: SQL status: BEGIN in 0.0 seconds
[0m06:01:13.437172 [debug] [ThreadPool]: Using postgres connection "list_paws_public"
[0m06:01:13.437331 [debug] [ThreadPool]: On list_paws_public: /* {"app": "dbt", "dbt_version": "1.3.0", "profile_name": "jaffle_shop", "target_name": "dev", "connection_name": "list_paws_public"} */
select
      'paws' as database,
      tablename as name,
      schemaname as schema,
      'table' as type
    from pg_tables
    where schemaname ilike 'public'
    union all
    select
      'paws' as database,
      viewname as name,
      schemaname as schema,
      'view' as type
    from pg_views
    where schemaname ilike 'public'
  
[0m06:01:13.440981 [debug] [ThreadPool]: SQL status: SELECT 8 in 0.0 seconds
[0m06:01:13.442747 [debug] [ThreadPool]: On list_paws_public: ROLLBACK
[0m06:01:13.443195 [debug] [ThreadPool]: On list_paws_public: Close
[0m06:01:13.449218 [debug] [MainThread]: Using postgres connection "master"
[0m06:01:13.449519 [debug] [MainThread]: On master: BEGIN
[0m06:01:13.449683 [debug] [MainThread]: Opening a new connection, currently in state init
[0m06:01:13.454399 [debug] [MainThread]: SQL status: BEGIN in 0.0 seconds
[0m06:01:13.454701 [debug] [MainThread]: Using postgres connection "master"
[0m06:01:13.454866 [debug] [MainThread]: On master: /* {"app": "dbt", "dbt_version": "1.3.0", "profile_name": "jaffle_shop", "target_name": "dev", "connection_name": "master"} */
with relation as (
        select
            pg_rewrite.ev_class as class,
            pg_rewrite.oid as id
        from pg_rewrite
    ),
    class as (
        select
            oid as id,
            relname as name,
            relnamespace as schema,
            relkind as kind
        from pg_class
    ),
    dependency as (
        select distinct
            pg_depend.objid as id,
            pg_depend.refobjid as ref
        from pg_depend
    ),
    schema as (
        select
            pg_namespace.oid as id,
            pg_namespace.nspname as name
        from pg_namespace
        where nspname != 'information_schema' and nspname not like 'pg\_%'
    ),
    referenced as (
        select
            relation.id AS id,
            referenced_class.name ,
            referenced_class.schema ,
            referenced_class.kind
        from relation
        join class as referenced_class on relation.class=referenced_class.id
        where referenced_class.kind in ('r', 'v')
    ),
    relationships as (
        select
            referenced.name as referenced_name,
            referenced.schema as referenced_schema_id,
            dependent_class.name as dependent_name,
            dependent_class.schema as dependent_schema_id,
            referenced.kind as kind
        from referenced
        join dependency on referenced.id=dependency.id
        join class as dependent_class on dependency.ref=dependent_class.id
        where
            (referenced.name != dependent_class.name or
             referenced.schema != dependent_class.schema)
    )

    select
        referenced_schema.name as referenced_schema,
        relationships.referenced_name as referenced_name,
        dependent_schema.name as dependent_schema,
        relationships.dependent_name as dependent_name
    from relationships
    join schema as dependent_schema on relationships.dependent_schema_id=dependent_schema.id
    join schema as referenced_schema on relationships.referenced_schema_id=referenced_schema.id
    group by referenced_schema, referenced_name, dependent_schema, dependent_name
    order by referenced_schema, referenced_name, dependent_schema, dependent_name;
[0m06:01:13.474029 [debug] [MainThread]: SQL status: SELECT 1 in 0.02 seconds
[0m06:01:13.475462 [debug] [MainThread]: Sending event: {'category': 'dbt', 'action': 'runnable_timing', 'label': 'b0b8239f-934d-48ca-97c9-ebdb5cf45f02', 'context': [<snowplow_tracker.self_describing_json.SelfDescribingJson object at 0x109cd5ee0>]}
[0m06:01:13.475823 [debug] [MainThread]: On master: ROLLBACK
[0m06:01:13.476174 [debug] [MainThread]: Using postgres connection "master"
[0m06:01:13.476342 [debug] [MainThread]: On master: BEGIN
[0m06:01:13.476691 [debug] [MainThread]: SQL status: BEGIN in 0.0 seconds
[0m06:01:13.476892 [debug] [MainThread]: On master: COMMIT
[0m06:01:13.477055 [debug] [MainThread]: Using postgres connection "master"
[0m06:01:13.477199 [debug] [MainThread]: On master: COMMIT
[0m06:01:13.477483 [debug] [MainThread]: SQL status: COMMIT in 0.0 seconds
[0m06:01:13.477691 [debug] [MainThread]: On master: Close
[0m06:01:13.478301 [info ] [MainThread]: Concurrency: 1 threads (target='dev')
[0m06:01:13.478605 [info ] [MainThread]: 
[0m06:01:13.483725 [debug] [Thread-1  ]: Began running node model.jaffle_shop.my_first_dbt_model
[0m06:01:13.484068 [info ] [Thread-1  ]: 1 of 2 START sql table model public.my_first_dbt_model ......................... [RUN]
[0m06:01:13.484735 [debug] [Thread-1  ]: Acquiring new postgres connection "model.jaffle_shop.my_first_dbt_model"
[0m06:01:13.484909 [debug] [Thread-1  ]: Began compiling node model.jaffle_shop.my_first_dbt_model
[0m06:01:13.485086 [debug] [Thread-1  ]: Compiling model.jaffle_shop.my_first_dbt_model
[0m06:01:13.488415 [debug] [Thread-1  ]: Writing injected SQL for node "model.jaffle_shop.my_first_dbt_model"
[0m06:01:13.489018 [debug] [Thread-1  ]: finished collecting timing info
[0m06:01:13.489222 [debug] [Thread-1  ]: Began executing node model.jaffle_shop.my_first_dbt_model
[0m06:01:13.536514 [debug] [Thread-1  ]: Writing runtime sql for node "model.jaffle_shop.my_first_dbt_model"
[0m06:01:13.537363 [debug] [Thread-1  ]: Using postgres connection "model.jaffle_shop.my_first_dbt_model"
[0m06:01:13.537606 [debug] [Thread-1  ]: On model.jaffle_shop.my_first_dbt_model: BEGIN
[0m06:01:13.537752 [debug] [Thread-1  ]: Opening a new connection, currently in state closed
[0m06:01:13.542299 [debug] [Thread-1  ]: SQL status: BEGIN in 0.0 seconds
[0m06:01:13.542632 [debug] [Thread-1  ]: Using postgres connection "model.jaffle_shop.my_first_dbt_model"
[0m06:01:13.542795 [debug] [Thread-1  ]: On model.jaffle_shop.my_first_dbt_model: /* {"app": "dbt", "dbt_version": "1.3.0", "profile_name": "jaffle_shop", "target_name": "dev", "node_id": "model.jaffle_shop.my_first_dbt_model"} */

  
    

  create  table "paws"."public"."my_first_dbt_model__dbt_tmp"
  as (
    /*
    Welcome to your first dbt model!
    Did you know that you can also configure models directly within SQL files?
    This will override configurations stated in dbt_project.yml

    Try changing "table" to "view" below
*/



with source_data as (

    select 1 as id
    union all
    select null as id

)

select *
from source_data

/*
    Uncomment the line below to remove records with null `id` values
*/

-- where id is not null
  );
  
[0m06:01:13.546216 [debug] [Thread-1  ]: SQL status: SELECT 2 in 0.0 seconds
[0m06:01:13.554029 [debug] [Thread-1  ]: Using postgres connection "model.jaffle_shop.my_first_dbt_model"
[0m06:01:13.554307 [debug] [Thread-1  ]: On model.jaffle_shop.my_first_dbt_model: /* {"app": "dbt", "dbt_version": "1.3.0", "profile_name": "jaffle_shop", "target_name": "dev", "node_id": "model.jaffle_shop.my_first_dbt_model"} */
alter table "paws"."public"."my_first_dbt_model" rename to "my_first_dbt_model__dbt_backup"
[0m06:01:13.554911 [debug] [Thread-1  ]: SQL status: ALTER TABLE in 0.0 seconds
[0m06:01:13.558546 [debug] [Thread-1  ]: Using postgres connection "model.jaffle_shop.my_first_dbt_model"
[0m06:01:13.558805 [debug] [Thread-1  ]: On model.jaffle_shop.my_first_dbt_model: /* {"app": "dbt", "dbt_version": "1.3.0", "profile_name": "jaffle_shop", "target_name": "dev", "node_id": "model.jaffle_shop.my_first_dbt_model"} */
alter table "paws"."public"."my_first_dbt_model__dbt_tmp" rename to "my_first_dbt_model"
[0m06:01:13.559476 [debug] [Thread-1  ]: SQL status: ALTER TABLE in 0.0 seconds
[0m06:01:13.586788 [debug] [Thread-1  ]: On model.jaffle_shop.my_first_dbt_model: COMMIT
[0m06:01:13.587053 [debug] [Thread-1  ]: Using postgres connection "model.jaffle_shop.my_first_dbt_model"
[0m06:01:13.587207 [debug] [Thread-1  ]: On model.jaffle_shop.my_first_dbt_model: COMMIT
[0m06:01:13.587903 [debug] [Thread-1  ]: SQL status: COMMIT in 0.0 seconds
[0m06:01:13.594337 [debug] [Thread-1  ]: Using postgres connection "model.jaffle_shop.my_first_dbt_model"
[0m06:01:13.594590 [debug] [Thread-1  ]: On model.jaffle_shop.my_first_dbt_model: /* {"app": "dbt", "dbt_version": "1.3.0", "profile_name": "jaffle_shop", "target_name": "dev", "node_id": "model.jaffle_shop.my_first_dbt_model"} */
drop table if exists "paws"."public"."my_first_dbt_model__dbt_backup" cascade
[0m06:01:13.602486 [debug] [Thread-1  ]: SQL status: DROP TABLE in 0.01 seconds
[0m06:01:13.603991 [debug] [Thread-1  ]: finished collecting timing info
[0m06:01:13.604237 [debug] [Thread-1  ]: On model.jaffle_shop.my_first_dbt_model: Close
[0m06:01:13.604908 [debug] [Thread-1  ]: Sending event: {'category': 'dbt', 'action': 'run_model', 'label': 'b0b8239f-934d-48ca-97c9-ebdb5cf45f02', 'context': [<snowplow_tracker.self_describing_json.SelfDescribingJson object at 0x109de27f0>]}
[0m06:01:13.605355 [info ] [Thread-1  ]: 1 of 2 OK created sql table model public.my_first_dbt_model .................... [[32mSELECT 2[0m in 0.12s]
[0m06:01:13.605886 [debug] [Thread-1  ]: Finished running node model.jaffle_shop.my_first_dbt_model
[0m06:01:13.606489 [debug] [Thread-1  ]: Began running node model.jaffle_shop.my_second_dbt_model
[0m06:01:13.606821 [info ] [Thread-1  ]: 2 of 2 START sql view model public.my_second_dbt_model ......................... [RUN]
[0m06:01:13.607518 [debug] [Thread-1  ]: Acquiring new postgres connection "model.jaffle_shop.my_second_dbt_model"
[0m06:01:13.607696 [debug] [Thread-1  ]: Began compiling node model.jaffle_shop.my_second_dbt_model
[0m06:01:13.607856 [debug] [Thread-1  ]: Compiling model.jaffle_shop.my_second_dbt_model
[0m06:01:13.610876 [debug] [Thread-1  ]: Writing injected SQL for node "model.jaffle_shop.my_second_dbt_model"
[0m06:01:13.611342 [debug] [Thread-1  ]: finished collecting timing info
[0m06:01:13.611516 [debug] [Thread-1  ]: Began executing node model.jaffle_shop.my_second_dbt_model
[0m06:01:13.633391 [debug] [Thread-1  ]: Writing runtime sql for node "model.jaffle_shop.my_second_dbt_model"
[0m06:01:13.633879 [debug] [Thread-1  ]: Using postgres connection "model.jaffle_shop.my_second_dbt_model"
[0m06:01:13.634039 [debug] [Thread-1  ]: On model.jaffle_shop.my_second_dbt_model: BEGIN
[0m06:01:13.634173 [debug] [Thread-1  ]: Opening a new connection, currently in state closed
[0m06:01:13.638266 [debug] [Thread-1  ]: SQL status: BEGIN in 0.0 seconds
[0m06:01:13.638525 [debug] [Thread-1  ]: Using postgres connection "model.jaffle_shop.my_second_dbt_model"
[0m06:01:13.638680 [debug] [Thread-1  ]: On model.jaffle_shop.my_second_dbt_model: /* {"app": "dbt", "dbt_version": "1.3.0", "profile_name": "jaffle_shop", "target_name": "dev", "node_id": "model.jaffle_shop.my_second_dbt_model"} */

  create view "paws"."public"."my_second_dbt_model__dbt_tmp" as (
    -- Use the `ref` function to select from other models

select *
from "paws"."public"."my_first_dbt_model"
where id = 1
  );
[0m06:01:13.642024 [debug] [Thread-1  ]: SQL status: CREATE VIEW in 0.0 seconds
[0m06:01:13.645370 [debug] [Thread-1  ]: Using postgres connection "model.jaffle_shop.my_second_dbt_model"
[0m06:01:13.645610 [debug] [Thread-1  ]: On model.jaffle_shop.my_second_dbt_model: /* {"app": "dbt", "dbt_version": "1.3.0", "profile_name": "jaffle_shop", "target_name": "dev", "node_id": "model.jaffle_shop.my_second_dbt_model"} */
alter table "paws"."public"."my_second_dbt_model__dbt_tmp" rename to "my_second_dbt_model"
[0m06:01:13.646160 [debug] [Thread-1  ]: SQL status: ALTER TABLE in 0.0 seconds
[0m06:01:13.648071 [debug] [Thread-1  ]: On model.jaffle_shop.my_second_dbt_model: COMMIT
[0m06:01:13.648251 [debug] [Thread-1  ]: Using postgres connection "model.jaffle_shop.my_second_dbt_model"
[0m06:01:13.648397 [debug] [Thread-1  ]: On model.jaffle_shop.my_second_dbt_model: COMMIT
[0m06:01:13.649013 [debug] [Thread-1  ]: SQL status: COMMIT in 0.0 seconds
[0m06:01:13.652681 [debug] [Thread-1  ]: Using postgres connection "model.jaffle_shop.my_second_dbt_model"
[0m06:01:13.652877 [debug] [Thread-1  ]: On model.jaffle_shop.my_second_dbt_model: /* {"app": "dbt", "dbt_version": "1.3.0", "profile_name": "jaffle_shop", "target_name": "dev", "node_id": "model.jaffle_shop.my_second_dbt_model"} */
drop view if exists "paws"."public"."my_second_dbt_model__dbt_backup" cascade
[0m06:01:13.653511 [debug] [Thread-1  ]: SQL status: DROP VIEW in 0.0 seconds
[0m06:01:13.654740 [debug] [Thread-1  ]: finished collecting timing info
[0m06:01:13.655018 [debug] [Thread-1  ]: On model.jaffle_shop.my_second_dbt_model: Close
[0m06:01:13.655689 [debug] [Thread-1  ]: Sending event: {'category': 'dbt', 'action': 'run_model', 'label': 'b0b8239f-934d-48ca-97c9-ebdb5cf45f02', 'context': [<snowplow_tracker.self_describing_json.SelfDescribingJson object at 0x109e45580>]}
[0m06:01:13.656059 [info ] [Thread-1  ]: 2 of 2 OK created sql view model public.my_second_dbt_model .................... [[32mCREATE VIEW[0m in 0.05s]
[0m06:01:13.656488 [debug] [Thread-1  ]: Finished running node model.jaffle_shop.my_second_dbt_model
[0m06:01:13.657739 [debug] [MainThread]: Acquiring new postgres connection "master"
[0m06:01:13.657947 [debug] [MainThread]: Using postgres connection "master"
[0m06:01:13.658105 [debug] [MainThread]: On master: BEGIN
[0m06:01:13.658245 [debug] [MainThread]: Opening a new connection, currently in state closed
[0m06:01:13.662424 [debug] [MainThread]: SQL status: BEGIN in 0.0 seconds
[0m06:01:13.662637 [debug] [MainThread]: On master: COMMIT
[0m06:01:13.662794 [debug] [MainThread]: Using postgres connection "master"
[0m06:01:13.662937 [debug] [MainThread]: On master: COMMIT
[0m06:01:13.663207 [debug] [MainThread]: SQL status: COMMIT in 0.0 seconds
[0m06:01:13.663413 [debug] [MainThread]: On master: Close
[0m06:01:13.664206 [info ] [MainThread]: 
[0m06:01:13.664594 [info ] [MainThread]: Finished running 1 table model, 1 view model in 0 hours 0 minutes and 0.29 seconds (0.29s).
[0m06:01:13.664880 [debug] [MainThread]: Connection 'master' was properly closed.
[0m06:01:13.665027 [debug] [MainThread]: Connection 'model.jaffle_shop.my_second_dbt_model' was properly closed.
[0m06:01:13.723959 [info ] [MainThread]: 
[0m06:01:13.724310 [info ] [MainThread]: [32mCompleted successfully[0m
[0m06:01:13.724631 [info ] [MainThread]: 
[0m06:01:13.724884 [info ] [MainThread]: Done. PASS=2 WARN=0 ERROR=0 SKIP=0 TOTAL=2
[0m06:01:13.725228 [debug] [MainThread]: Sending event: {'category': 'dbt', 'action': 'invocation', 'label': 'end', 'context': [<snowplow_tracker.self_describing_json.SelfDescribingJson object at 0x1099df940>, <snowplow_tracker.self_describing_json.SelfDescribingJson object at 0x1099df130>, <snowplow_tracker.self_describing_json.SelfDescribingJson object at 0x1099f4ee0>]}
[0m06:01:13.725508 [debug] [MainThread]: Flushing usage events
